<?xml version="1.0" encoding="utf-8"?><testsuite errors="0" failures="0" name="pytest" skips="0" tests="5" time="2.994"><testcase classname="ip_cpp.tests.test_ip_cpp.IpCppTestCase" file="tests/test_ip_cpp.py" line="51" name="testClassInstantiation" time="2.4110422134399414"></testcase><testcase classname="ip_cpp.tests.test_ip_cpp.IpCppTestCase" file="tests/test_ip_cpp.py" line="44" name="testExample" time="0.0004680156707763672"></testcase><testcase classname="ip_cpp.tests.test_ip_cpp.IpCppTestCase" file="tests/test_ip_cpp.py" line="47" name="testImport" time="0.00045800209045410156"></testcase><testcase classname="ip_cpp.tests.test_ip_cpp.TestMemory" file="../../../../ssd/lsstsw/stack3_20171021/stack/miniconda3-4.3.21-10a4fa6/Linux64/utils/14.0-4-gac01bb5+2/python/lsst/utils/tests.py" line="162" name="testFileDescriptorLeaks" time="0.04016256332397461"></testcase><testcase classname="ip_cpp.tests.test_ip_cpp.TestMemory" file="../../../../ssd/lsstsw/stack3_20171021/stack/miniconda3-4.3.21-10a4fa6/Linux64/utils/14.0-4-gac01bb5+2/python/lsst/utils/tests.py" line="142" name="testLeaks" time="0.03344893455505371"></testcase></testsuite>